<?xml version="1.0" encoding="UTF-8"?>
<!-- Generated by org.testng.reporters.JUnitXMLReporter -->
<testsuite hostname="DESKTOP-VG84OBB" failures="0" tests="0" name="Cucumber with TestNG Test" time="30.208" errors="0" timestamp="30 Sep 2023 12:44:48 GMT">
  <testcase classname="awesomecucumber.runners.TestNGRunnerTest" name="@BeforeClass setUpClass" time="0.0">
    <failure type="java.lang.IllegalArgumentException" message="path must exist: C:\Users\admin\eclipseworkspace\AwesomeCucumber\src\test\resources\feature">
      <![CDATA[java.lang.IllegalArgumentException: path must exist: C:\Users\admin\eclipseworkspace\AwesomeCucumber\src\test\resources\feature
	at io.cucumber.core.resource.PathScanner.findResourcesForPath(PathScanner.java:49)
	at io.cucumber.core.resource.PathScanner.findResourcesForUri(PathScanner.java:31)
	at io.cucumber.core.resource.ResourceScanner.findResourcesForUri(ResourceScanner.java:61)
	at io.cucumber.core.resource.ResourceScanner.scanForResourcesUri(ResourceScanner.java:134)
	at io.cucumber.core.runtime.FeaturePathFeatureSupplier.loadFeatures(FeaturePathFeatureSupplier.java:62)
	at io.cucumber.core.runtime.FeaturePathFeatureSupplier.get(FeaturePathFeatureSupplier.java:45)
	at io.cucumber.testng.TestNGCucumberRunner.<init>(TestNGCucumberRunner.java:122)
	at io.cucumber.testng.AbstractTestNGCucumberTests.setUpClass(AbstractTestNGCucumberTests.java:27)
... Removed 22 stack frames]]>
    </failure>
  </testcase> <!-- @BeforeClass setUpClass -->
</testsuite> <!-- Cucumber with TestNG Test -->
